2021-08-20 11:14:46.708 [info] <0.44.0> Application lager started on node 'vnlhp7vo-livebook_ukxof2pi@airmacs21'
2021-08-20 11:14:46.714 [info] <0.44.0> Application sasl started on node 'vnlhp7vo-livebook_ukxof2pi@airmacs21'
2021-08-20 11:14:46.714 [info] <0.44.0> Application tools started on node 'vnlhp7vo-livebook_ukxof2pi@airmacs21'
2021-08-20 11:14:46.714 [info] <0.44.0> Application xmerl started on node 'vnlhp7vo-livebook_ukxof2pi@airmacs21'
2021-08-20 11:14:46.714 [info] <0.44.0> Application rabbit_common started on node 'vnlhp7vo-livebook_ukxof2pi@airmacs21'
2021-08-20 11:14:46.718 [info] <0.44.0> Application amqp_client started on node 'vnlhp7vo-livebook_ukxof2pi@airmacs21'
2021-08-20 11:14:46.718 [info] <0.44.0> Application amqp started on node 'vnlhp7vo-livebook_ukxof2pi@airmacs21'
2021-08-20 11:14:46.719 [info] <0.44.0> Application broadway_rabbitmq started on node 'vnlhp7vo-livebook_ukxof2pi@airmacs21'
2021-08-20 11:42:21.537 [info] <0.44.0> Application lager started on node 'tyquxqye-livebook_excekii2@airmacs21'
2021-08-20 11:42:21.540 [info] <0.44.0> Application sasl started on node 'tyquxqye-livebook_excekii2@airmacs21'
2021-08-20 11:42:21.541 [info] <0.44.0> Application tools started on node 'tyquxqye-livebook_excekii2@airmacs21'
2021-08-20 11:42:21.541 [info] <0.44.0> Application xmerl started on node 'tyquxqye-livebook_excekii2@airmacs21'
2021-08-20 11:42:21.541 [info] <0.44.0> Application rabbit_common started on node 'tyquxqye-livebook_excekii2@airmacs21'
2021-08-20 11:42:21.545 [info] <0.44.0> Application amqp_client started on node 'tyquxqye-livebook_excekii2@airmacs21'
2021-08-20 11:42:21.547 [info] <0.44.0> Application amqp started on node 'tyquxqye-livebook_excekii2@airmacs21'
2021-08-20 11:42:21.548 [info] <0.44.0> Application broadway_rabbitmq started on node 'tyquxqye-livebook_excekii2@airmacs21'
2021-08-20 12:31:33.187 [info] <0.44.0> Application lager started on node 'aerr3bzd-livebook_heg2k3rv@airmacs21'
2021-08-20 12:31:33.191 [info] <0.44.0> Application sasl started on node 'aerr3bzd-livebook_heg2k3rv@airmacs21'
2021-08-20 12:31:33.191 [info] <0.44.0> Application tools started on node 'aerr3bzd-livebook_heg2k3rv@airmacs21'
2021-08-20 12:31:33.191 [info] <0.44.0> Application xmerl started on node 'aerr3bzd-livebook_heg2k3rv@airmacs21'
2021-08-20 12:31:33.191 [info] <0.44.0> Application rabbit_common started on node 'aerr3bzd-livebook_heg2k3rv@airmacs21'
2021-08-20 12:31:33.195 [info] <0.44.0> Application amqp_client started on node 'aerr3bzd-livebook_heg2k3rv@airmacs21'
2021-08-20 12:31:33.198 [info] <0.44.0> Application amqp started on node 'aerr3bzd-livebook_heg2k3rv@airmacs21'
2021-08-20 12:31:33.199 [info] <0.44.0> Application broadway_rabbitmq started on node 'aerr3bzd-livebook_heg2k3rv@airmacs21'
